<?xml version="1.0" encoding="UTF-8"?>
<testng-results ignored="0" total="1" passed="1" failed="0" skipped="0">
  <reporter-output>
  </reporter-output>
  <suite started-at="2024-03-15T01:36:04 PDT" name="Suite" finished-at="2024-03-15T01:36:32 PDT" duration-ms="27487">
    <groups>
    </groups>
    <test started-at="2024-03-15T01:36:04 PDT" name="Test" finished-at="2024-03-15T01:36:32 PDT" duration-ms="27487">
      <class name="com.SwagLabs.TestCases.InformationTest">
        <test-method is-config="true" signature="SetUpReport()[pri:0, instance:com.SwagLabs.TestCases.InformationTest@79924b]" started-at="2024-03-15T01:36:04 PDT" name="SetUpReport" finished-at="2024-03-15T01:36:04 PDT" duration-ms="546" status="PASS">
          <reporter-output>
          </reporter-output>
        </test-method> <!-- SetUpReport -->
        <test-method is-config="true" signature="SetUp()[pri:0, instance:com.SwagLabs.TestCases.InformationTest@79924b]" started-at="2024-03-15T01:36:04 PDT" name="SetUp" finished-at="2024-03-15T01:36:28 PDT" duration-ms="24094" status="PASS">
          <reporter-output>
          </reporter-output>
        </test-method> <!-- SetUp -->
        <test-method is-config="true" signature="beforeclasssetup()[pri:0, instance:com.SwagLabs.TestCases.InformationTest@79924b]" started-at="2024-03-15T01:36:28 PDT" name="beforeclasssetup" finished-at="2024-03-15T01:36:31 PDT" duration-ms="2562" status="PASS">
          <reporter-output>
          </reporter-output>
        </test-method> <!-- beforeclasssetup -->
        <test-method signature="checkinfo()[pri:1, instance:com.SwagLabs.TestCases.InformationTest@79924b]" started-at="2024-03-15T01:36:31 PDT" name="checkinfo" finished-at="2024-03-15T01:36:32 PDT" duration-ms="762" status="PASS">
          <reporter-output>
          </reporter-output>
        </test-method> <!-- checkinfo -->
        <test-method is-config="true" signature="reportend()[pri:0, instance:com.SwagLabs.TestCases.InformationTest@79924b]" started-at="2024-03-15T01:36:32 PDT" name="reportend" finished-at="2024-03-15T01:36:33 PDT" duration-ms="982" status="PASS">
          <reporter-output>
          </reporter-output>
        </test-method> <!-- reportend -->
      </class> <!-- com.SwagLabs.TestCases.InformationTest -->
    </test> <!-- Test -->
  </suite> <!-- Suite -->
</testng-results>
