<?xml version="1.0" encoding="UTF-8"?>
<testng-results ignored="0" total="1" passed="1" failed="0" skipped="0">
  <reporter-output>
  </reporter-output>
  <suite started-at="2024-03-15T00:19:34 PDT" name="Suite" finished-at="2024-03-15T00:20:02 PDT" duration-ms="28940">
    <groups>
    </groups>
    <test started-at="2024-03-15T00:19:34 PDT" name="Test" finished-at="2024-03-15T00:20:02 PDT" duration-ms="28940">
      <class name="com.SwagLabs.TestCases.InformationTest">
        <test-method is-config="true" signature="SetUpReport()[pri:0, instance:com.SwagLabs.TestCases.InformationTest@2d3379b4]" started-at="2024-03-15T00:19:33 PDT" name="SetUpReport" finished-at="2024-03-15T00:19:34 PDT" duration-ms="701" status="PASS">
          <reporter-output>
          </reporter-output>
        </test-method> <!-- SetUpReport -->
        <test-method is-config="true" signature="SetUp()[pri:0, instance:com.SwagLabs.TestCases.InformationTest@2d3379b4]" started-at="2024-03-15T00:19:34 PDT" name="SetUp" finished-at="2024-03-15T00:19:59 PDT" duration-ms="25028" status="PASS">
          <reporter-output>
          </reporter-output>
        </test-method> <!-- SetUp -->
        <test-method is-config="true" signature="beforeclasssetup()[pri:0, instance:com.SwagLabs.TestCases.InformationTest@2d3379b4]" started-at="2024-03-15T00:19:59 PDT" name="beforeclasssetup" finished-at="2024-03-15T00:20:01 PDT" duration-ms="2796" status="PASS">
          <reporter-output>
          </reporter-output>
        </test-method> <!-- beforeclasssetup -->
        <test-method signature="checkinfo()[pri:1, instance:com.SwagLabs.TestCases.InformationTest@2d3379b4]" started-at="2024-03-15T00:20:01 PDT" name="checkinfo" finished-at="2024-03-15T00:20:02 PDT" duration-ms="988" status="PASS">
          <reporter-output>
          </reporter-output>
        </test-method> <!-- checkinfo -->
        <test-method is-config="true" signature="reportend()[pri:0, instance:com.SwagLabs.TestCases.InformationTest@2d3379b4]" started-at="2024-03-15T00:20:03 PDT" name="reportend" finished-at="2024-03-15T00:20:04 PDT" duration-ms="1116" status="PASS">
          <reporter-output>
          </reporter-output>
        </test-method> <!-- reportend -->
      </class> <!-- com.SwagLabs.TestCases.InformationTest -->
    </test> <!-- Test -->
  </suite> <!-- Suite -->
</testng-results>
